2020-05-17 08:53:49,806 [Worker-4: Loading available Gradle versions] INFO  o.e.b.c.i.u.g.PublishedGradleVersions - Gradle version information cache is out-of-date. Trying to update.
2020-05-17 11:04:55,828 [Worker-3: Loading available Gradle versions] INFO  o.e.b.c.i.u.g.PublishedGradleVersions - Gradle version information cache is up-to-date. Trying to read.
2020-05-17 15:42:00,232 [main] INFO  o.e.m2e.actions.ExecutePomAction - Creating new launch configuration
2020-05-17 15:42:58,574 [Worker-73: Launching morse-code-translator] INFO  o.e.m.i.launch.MavenLaunchDelegate - /Users/ivansaucedo/git/.ivanscdo/learn-java/eclipse/workspace/morse-code-translator
2020-05-17 15:42:58,575 [Worker-73: Launching morse-code-translator] INFO  o.e.m.i.launch.MavenLaunchDelegate -  mvn -B clean verify
2020-05-17 15:45:09,194 [Worker-7: Loading available Gradle versions] INFO  o.e.b.c.i.u.g.PublishedGradleVersions - Gradle version information cache is up-to-date. Trying to read.
2020-05-17 15:47:01,043 [Worker-5: Loading available Gradle versions] INFO  o.e.b.c.i.u.g.PublishedGradleVersions - Gradle version information cache is up-to-date. Trying to read.
2020-05-17 15:48:34,339 [main] INFO  o.e.m2e.actions.ExecutePomAction - Using existing launch configuration
2020-05-17 15:48:34,394 [Worker-9: Launching morse-code-translator] INFO  o.e.m.i.launch.MavenLaunchDelegate - /Users/ivansaucedo/git/.ivanscdo/learn-java/eclipse/workspace/morse-code-translator
2020-05-17 15:48:34,396 [Worker-9: Launching morse-code-translator] INFO  o.e.m.i.launch.MavenLaunchDelegate -  mvn -B clean verify
2020-05-17 21:12:34,010 [Worker-33: reload maven project] INFO  o.e.m.c.i.e.AbstractTransferListenerAdapter - Downloading https://repo.maven.apache.org/maven2/junit/junit/4.11/junit-4.11.pom
2020-05-17 21:12:34,041 [Worker-33: reload maven project] INFO  o.e.m.c.i.e.AbstractTransferListenerAdapter - Downloaded https://repo.maven.apache.org/maven2/junit/junit/4.11/junit-4.11.pom
2020-05-17 21:12:34,081 [Worker-33: reload maven project] INFO  o.e.m.c.i.e.AbstractTransferListenerAdapter - Downloading https://repo.maven.apache.org/maven2/org/hamcrest/hamcrest-core/1.3/hamcrest-core-1.3.pom
2020-05-17 21:12:34,114 [Worker-33: reload maven project] INFO  o.e.m.c.i.e.AbstractTransferListenerAdapter - Downloaded https://repo.maven.apache.org/maven2/org/hamcrest/hamcrest-core/1.3/hamcrest-core-1.3.pom
2020-05-17 21:12:34,147 [Worker-33: reload maven project] INFO  o.e.m.c.i.e.AbstractTransferListenerAdapter - Downloading https://repo.maven.apache.org/maven2/org/hamcrest/hamcrest-parent/1.3/hamcrest-parent-1.3.pom
2020-05-17 21:12:34,185 [Worker-33: reload maven project] INFO  o.e.m.c.i.e.AbstractTransferListenerAdapter - Downloaded https://repo.maven.apache.org/maven2/org/hamcrest/hamcrest-parent/1.3/hamcrest-parent-1.3.pom
2020-05-17 21:12:34,281 [AetherRepositoryConnector-repo.maven.apache.org-0-0] INFO  o.e.m.c.i.e.AbstractTransferListenerAdapter - Downloading https://repo.maven.apache.org/maven2/junit/junit/4.11/junit-4.11.jar
2020-05-17 21:12:34,371 [AetherRepositoryConnector-repo.maven.apache.org-0-1] INFO  o.e.m.c.i.e.AbstractTransferListenerAdapter - Downloading https://repo.maven.apache.org/maven2/org/hamcrest/hamcrest-core/1.3/hamcrest-core-1.3.jar
2020-05-17 21:12:34,435 [AetherRepositoryConnector-repo.maven.apache.org-0-0] INFO  o.e.m.c.i.e.AbstractTransferListenerAdapter - Downloaded https://repo.maven.apache.org/maven2/junit/junit/4.11/junit-4.11.jar
2020-05-17 21:12:34,450 [AetherRepositoryConnector-repo.maven.apache.org-0-1] INFO  o.e.m.c.i.e.AbstractTransferListenerAdapter - Downloaded https://repo.maven.apache.org/maven2/org/hamcrest/hamcrest-core/1.3/hamcrest-core-1.3.jar
2020-05-20 21:44:24,053 [Worker-853: Enabling Maven Dependency Management] INFO  o.e.m.c.i.l.LifecycleMappingFactory - Using org.eclipse.m2e.jdt.JarLifecycleMapping lifecycle mapping for MavenProject: pascals-triangle:pascals-triangle:0.0.1-SNAPSHOT @ /Users/ivansaucedo/git/.ivanscdo/learn-java/eclipse/workspace/pascals-triangle/pom.xml.
2020-05-20 21:44:24,340 [Worker-855: Building] WARN  o.e.m.c.i.embedder.EclipseLogger - Using platform encoding (UTF-8 actually) to copy filtered resources, i.e. build is platform dependent!
2020-05-20 21:44:24,341 [Worker-855: Building] INFO  o.e.m.c.i.embedder.EclipseLogger - skip non existing resourceDirectory /Users/ivansaucedo/git/.ivanscdo/learn-java/eclipse/workspace/pascals-triangle/src/main/resources
2020-05-20 21:44:24,343 [Worker-855: Building] WARN  o.e.m.c.i.embedder.EclipseLogger - Using platform encoding (UTF-8 actually) to copy filtered resources, i.e. build is platform dependent!
2020-05-20 21:44:24,344 [Worker-855: Building] INFO  o.e.m.c.i.embedder.EclipseLogger - skip non existing resourceDirectory /Users/ivansaucedo/git/.ivanscdo/learn-java/eclipse/workspace/pascals-triangle/src/test/resources
2020-05-20 21:44:24,349 [Worker-853: Enabling Maven Dependency Management] INFO  o.e.m.j.i.AbstractJavaProjectConfigurator - Adding source folder /pascals-triangle/src
2020-05-20 21:44:24,349 [Worker-853: Enabling Maven Dependency Management] INFO  o.e.m.j.i.AbstractJavaProjectConfigurator - Not adding source folder /pascals-triangle/src/test/java because it overlaps with /pascals-triangle/src
2020-05-20 21:44:24,400 [Worker-853: Enabling Maven Dependency Management] INFO  o.e.m.c.i.p.ProjectConfigurationManager - Update started
2020-05-20 21:44:24,621 [Worker-853: Enabling Maven Dependency Management] INFO  o.e.m.c.i.l.LifecycleMappingFactory - Using org.eclipse.m2e.jdt.JarLifecycleMapping lifecycle mapping for MavenProject: pascals-triangle:pascals-triangle:0.0.1-SNAPSHOT @ /Users/ivansaucedo/git/.ivanscdo/learn-java/eclipse/workspace/pascals-triangle/pom.xml.
2020-05-20 21:44:24,748 [Worker-853: Enabling Maven Dependency Management] INFO  o.e.m.j.i.AbstractJavaProjectConfigurator - Adding source folder /pascals-triangle/src
2020-05-20 21:44:24,749 [Worker-853: Enabling Maven Dependency Management] INFO  o.e.m.j.i.AbstractJavaProjectConfigurator - Not adding source folder /pascals-triangle/src/test/java because it overlaps with /pascals-triangle/src
2020-05-20 21:44:24,771 [Worker-853: Enabling Maven Dependency Management] INFO  o.e.m.c.i.p.ProjectConfigurationManager - Update completed: 0 sec
2020-05-20 21:44:24,907 [Worker-856: Building] WARN  o.e.m.c.i.embedder.EclipseLogger - Using platform encoding (UTF-8 actually) to copy filtered resources, i.e. build is platform dependent!
2020-05-20 21:44:24,908 [Worker-856: Building] INFO  o.e.m.c.i.embedder.EclipseLogger - skip non existing resourceDirectory /Users/ivansaucedo/git/.ivanscdo/learn-java/eclipse/workspace/pascals-triangle/src/main/resources
2020-05-20 21:44:24,910 [Worker-856: Building] WARN  o.e.m.c.i.embedder.EclipseLogger - Using platform encoding (UTF-8 actually) to copy filtered resources, i.e. build is platform dependent!
2020-05-20 21:44:24,910 [Worker-856: Building] INFO  o.e.m.c.i.embedder.EclipseLogger - skip non existing resourceDirectory /Users/ivansaucedo/git/.ivanscdo/learn-java/eclipse/workspace/pascals-triangle/src/test/resources
